<?xml version="1.0" encoding="UTF-8"?>
<!-- Generated by org.testng.reporters.JUnitReportReporter -->
<testsuite hostname="LAPTOP-PR1LFR9C" failures="0" tests="1" name="com.seleniumFramework.testCases.LoginTestCrm" time="3.526" errors="0" timestamp="2022-05-20T15:08:49 EDT" skipped="0">
  <testcase classname="com.seleniumFramework.testCases.LoginTestCrm" name="loginApp" time="3.526"/>
  <system-out/>
</testsuite> <!-- com.seleniumFramework.testCases.LoginTestCrm -->
